# JRE version: OpenJDK Runtime Environment Temurin-21.0.6+7 (21.0.6+7) (build 21.0.6+7-LTS)
# Java VM: OpenJDK 64-Bit Server VM Temurin-21.0.6+7 (21.0.6+7-LTS, mixed mode, emulated-client, sharing, tiered, compressed oops, compressed class ptrs, g1 gc, windows-amd64)
GC Precious Log:
 CardTable entry size: 512
 Card Set container configuration: InlinePtr #cards 4 size 8 Array Of Cards #cards 16 size 48 Howl #buckets 8 coarsen threshold 3686 Howl Bitmap #cards 512 size 80 coarsen threshold 460 Card regions per heap region 1 cards per card region 4096
 CPUs: 12 total, 12 available
 Memory: 15741M
 Large Page Support: Disabled
 NUMA Support: Disabled
 Compressed Oops: Enabled (Zero based)
 Heap Region Size: 2M
 Heap Min Capacity: 8M
 Heap Initial Capacity: 246M
 Heap Max Capacity: 3936M
 Pre-touch: Disabled
 Parallel Workers: 10
 Concurrent Workers: 3
 Concurrent Refinement Workers: 10
 Periodic GC: Disabled
Heap:
 garbage-first heap   total 49152K, used 18056K [0x000000070a000000, 0x0000000800000000)
  region size 2048K, 5 young (10240K), 2 survivors (4096K)
 Metaspace       used 33074K, committed 33728K, reserved 1114112K
  class space    used 4395K, committed 4736K, reserved 1048576K
GC Heap History (12 events):
Event: 1.053 GC heap before
{Heap before GC invocations=0 (full 0):
 garbage-first heap   total 251904K, used 22528K [0x000000070a000000, 0x0000000800000000)
  region size 2048K, 11 young (22528K), 0 survivors (0K)
 Metaspace       used 7348K, committed 7616K, reserved 1114112K
  class space    used 886K, committed 1024K, reserved 1048576K
}
Event: 1.063 GC heap after
{Heap after GC invocations=1 (full 0):
 garbage-first heap   total 251904K, used 4923K [0x000000070a000000, 0x0000000800000000)
  region size 2048K, 2 young (4096K), 2 survivors (4096K)
 Metaspace       used 7348K, committed 7616K, reserved 1114112K
  class space    used 886K, committed 1024K, reserved 1048576K
}
Event: 2.939 GC heap before
{Heap before GC invocations=1 (full 0):
 garbage-first heap   total 251904K, used 33595K [0x000000070a000000, 0x0000000800000000)
  region size 2048K, 17 young (34816K), 2 survivors (4096K)
 Metaspace       used 14360K, committed 14784K, reserved 1114112K
  class space    used 1873K, committed 2048K, reserved 1048576K
}
Event: 2.946 GC heap after
{Heap after GC invocations=2 (full 0):
 garbage-first heap   total 251904K, used 7726K [0x000000070a000000, 0x0000000800000000)
  region size 2048K, 2 young (4096K), 2 survivors (4096K)
 Metaspace       used 14360K, committed 14784K, reserved 1114112K
  class space    used 1873K, committed 2048K, reserved 1048576K
}
Event: 3.422 GC heap before
{Heap before GC invocations=2 (full 0):
 garbage-first heap   total 251904K, used 36398K [0x000000070a000000, 0x0000000800000000)
  region size 2048K, 18 young (36864K), 2 survivors (4096K)
 Metaspace       used 20069K, committed 20544K, reserved 1114112K
  class space    used 2658K, committed 2880K, reserved 1048576K
}
Event: 3.425 GC heap after
{Heap after GC invocations=3 (full 0):
 garbage-first heap   total 251904K, used 11113K [0x000000070a000000, 0x0000000800000000)
  region size 2048K, 3 young (6144K), 3 survivors (6144K)
 Metaspace       used 20069K, committed 20544K, reserved 1114112K
  class space    used 2658K, committed 2880K, reserved 1048576K
}
Event: 3.877 GC heap before
{Heap before GC invocations=4 (full 0):
 garbage-first heap   total 40960K, used 39785K [0x000000070a000000, 0x0000000800000000)
  region size 2048K, 17 young (34816K), 3 survivors (6144K)
 Metaspace       used 23925K, committed 24512K, reserved 1114112K
  class space    used 3203K, committed 3456K, reserved 1048576K
}
Event: 3.884 GC heap after
{Heap after GC invocations=5 (full 0):
 garbage-first heap   total 49152K, used 12504K [0x000000070a000000, 0x0000000800000000)
  region size 2048K, 4 young (8192K), 4 survivors (8192K)
 Metaspace       used 23925K, committed 24512K, reserved 1114112K
  class space    used 3203K, committed 3456K, reserved 1048576K
}
Event: 4.590 GC heap before
{Heap before GC invocations=5 (full 0):
 garbage-first heap   total 49152K, used 32984K [0x000000070a000000, 0x0000000800000000)
  region size 2048K, 14 young (28672K), 4 survivors (8192K)
 Metaspace       used 28055K, committed 28736K, reserved 1114112K
  class space    used 3716K, committed 4032K, reserved 1048576K
}
Event: 4.595 GC heap after
{Heap after GC invocations=6 (full 0):
 garbage-first heap   total 49152K, used 14133K [0x000000070a000000, 0x0000000800000000)
  region size 2048K, 2 young (4096K), 2 survivors (4096K)
 Metaspace       used 28055K, committed 28736K, reserved 1114112K
  class space    used 3716K, committed 4032K, reserved 1048576K
}
Event: 8.260 GC heap before
{Heap before GC invocations=6 (full 0):
 garbage-first heap   total 49152K, used 36661K [0x000000070a000000, 0x0000000800000000)
  region size 2048K, 13 young (26624K), 2 survivors (4096K)
 Metaspace       used 32006K, committed 32576K, reserved 1114112K
  class space    used 4239K, committed 4480K, reserved 1048576K
}
Event: 8.265 GC heap after
{Heap after GC invocations=7 (full 0):
 garbage-first heap   total 49152K, used 16008K [0x000000070a000000, 0x0000000800000000)
  region size 2048K, 2 young (4096K), 2 survivors (4096K)
 Metaspace       used 32006K, committed 32576K, reserved 1114112K
  class space    used 4239K, committed 4480K, reserved 1048576K
}

