# JRE version: OpenJDK Runtime Environment Temurin-21.0.6+7 (21.0.6+7) (build 21.0.6+7-LTS)
# Java VM: OpenJDK 64-Bit Server VM Temurin-21.0.6+7 (21.0.6+7-LTS, mixed mode, emulated-client, sharing, tiered, compressed oops, compressed class ptrs, g1 gc, windows-amd64)
GC Precious Log:
 CardTable entry size: 512
 Card Set container configuration: InlinePtr #cards 4 size 8 Array Of Cards #cards 16 size 48 Howl #buckets 8 coarsen threshold 3686 Howl Bitmap #cards 512 size 80 coarsen threshold 460 Card regions per heap region 1 cards per card region 4096
 CPUs: 12 total, 12 available
 Memory: 15741M
 Large Page Support: Disabled
 NUMA Support: Disabled
 Compressed Oops: Enabled (Zero based)
 Heap Region Size: 2M
 Heap Min Capacity: 8M
 Heap Initial Capacity: 246M
 Heap Max Capacity: 3936M
 Pre-touch: Disabled
 Parallel Workers: 10
 Concurrent Workers: 3
 Concurrent Refinement Workers: 10
 Periodic GC: Disabled
Heap:
 garbage-first heap   total 63488K, used 18985K [0x000000070a000000, 0x0000000800000000)
  region size 2048K, 6 young (12288K), 4 survivors (8192K)
 Metaspace       used 39022K, committed 39616K, reserved 1114112K
  class space    used 4902K, committed 5184K, reserved 1048576K
GC Heap History (18 events):
Event: 0.755 GC heap before
{Heap before GC invocations=0 (full 0):
 garbage-first heap   total 251904K, used 22528K [0x000000070a000000, 0x0000000800000000)
  region size 2048K, 11 young (22528K), 0 survivors (0K)
 Metaspace       used 9133K, committed 9408K, reserved 1114112K
  class space    used 942K, committed 1088K, reserved 1048576K
}
Event: 0.760 GC heap after
{Heap after GC invocations=1 (full 0):
 garbage-first heap   total 251904K, used 3939K [0x000000070a000000, 0x0000000800000000)
  region size 2048K, 2 young (4096K), 2 survivors (4096K)
 Metaspace       used 9133K, committed 9408K, reserved 1114112K
  class space    used 942K, committed 1088K, reserved 1048576K
}
Event: 1.374 GC heap before
{Heap before GC invocations=1 (full 0):
 garbage-first heap   total 251904K, used 34659K [0x000000070a000000, 0x0000000800000000)
  region size 2048K, 18 young (36864K), 2 survivors (4096K)
 Metaspace       used 16944K, committed 17344K, reserved 1114112K
  class space    used 2038K, committed 2240K, reserved 1048576K
}
Event: 1.380 GC heap after
{Heap after GC invocations=2 (full 0):
 garbage-first heap   total 251904K, used 7054K [0x000000070a000000, 0x0000000800000000)
  region size 2048K, 2 young (4096K), 2 survivors (4096K)
 Metaspace       used 16944K, committed 17344K, reserved 1114112K
  class space    used 2038K, committed 2240K, reserved 1048576K
}
Event: 1.430 GC heap before
{Heap before GC invocations=2 (full 0):
 garbage-first heap   total 251904K, used 17294K [0x000000070a000000, 0x0000000800000000)
  region size 2048K, 8 young (16384K), 2 survivors (4096K)
 Metaspace       used 19177K, committed 19584K, reserved 1114112K
  class space    used 2267K, committed 2432K, reserved 1048576K
}
Event: 1.433 GC heap after
{Heap after GC invocations=3 (full 0):
 garbage-first heap   total 251904K, used 7193K [0x000000070a000000, 0x0000000800000000)
  region size 2048K, 2 young (4096K), 2 survivors (4096K)
 Metaspace       used 19177K, committed 19584K, reserved 1114112K
  class space    used 2267K, committed 2432K, reserved 1048576K
}
Event: 1.543 GC heap before
{Heap before GC invocations=4 (full 0):
 garbage-first heap   total 28672K, used 25625K [0x000000070a000000, 0x0000000800000000)
  region size 2048K, 12 young (24576K), 2 survivors (4096K)
 Metaspace       used 22495K, committed 22784K, reserved 1114112K
  class space    used 2692K, committed 2816K, reserved 1048576K
}
Event: 1.547 GC heap after
{Heap after GC invocations=5 (full 0):
 garbage-first heap   total 34816K, used 8653K [0x000000070a000000, 0x0000000800000000)
  region size 2048K, 3 young (6144K), 3 survivors (6144K)
 Metaspace       used 22495K, committed 22784K, reserved 1114112K
  class space    used 2692K, committed 2816K, reserved 1048576K
}
Event: 1.650 GC heap before
{Heap before GC invocations=5 (full 0):
 garbage-first heap   total 34816K, used 22989K [0x000000070a000000, 0x0000000800000000)
  region size 2048K, 10 young (20480K), 3 survivors (6144K)
 Metaspace       used 24425K, committed 24768K, reserved 1114112K
  class space    used 2969K, committed 3136K, reserved 1048576K
}
Event: 1.655 GC heap after
{Heap after GC invocations=6 (full 0):
 garbage-first heap   total 34816K, used 9601K [0x000000070a000000, 0x0000000800000000)
  region size 2048K, 2 young (4096K), 2 survivors (4096K)
 Metaspace       used 24425K, committed 24768K, reserved 1114112K
  class space    used 2969K, committed 3136K, reserved 1048576K
}
Event: 1.899 GC heap before
{Heap before GC invocations=6 (full 0):
 garbage-first heap   total 34816K, used 25985K [0x000000070a000000, 0x0000000800000000)
  region size 2048K, 10 young (20480K), 2 survivors (4096K)
 Metaspace       used 25831K, committed 26240K, reserved 1114112K
  class space    used 3170K, committed 3328K, reserved 1048576K
}
Event: 1.903 GC heap after
{Heap after GC invocations=7 (full 0):
 garbage-first heap   total 34816K, used 10836K [0x000000070a000000, 0x0000000800000000)
  region size 2048K, 2 young (4096K), 2 survivors (4096K)
 Metaspace       used 25831K, committed 26240K, reserved 1114112K
  class space    used 3170K, committed 3328K, reserved 1048576K
}
Event: 2.134 GC heap before
{Heap before GC invocations=7 (full 0):
 garbage-first heap   total 34816K, used 27220K [0x000000070a000000, 0x0000000800000000)
  region size 2048K, 10 young (20480K), 2 survivors (4096K)
 Metaspace       used 28627K, committed 29184K, reserved 1114112K
  class space    used 3543K, committed 3776K, reserved 1048576K
}
Event: 2.138 GC heap after
{Heap after GC invocations=8 (full 0):
 garbage-first heap   total 143360K, used 11977K [0x000000070a000000, 0x0000000800000000)
  region size 2048K, 2 young (4096K), 2 survivors (4096K)
 Metaspace       used 28627K, committed 29184K, reserved 1114112K
  class space    used 3543K, committed 3776K, reserved 1048576K
}
Event: 2.455 GC heap before
{Heap before GC invocations=8 (full 0):
 garbage-first heap   total 143360K, used 32457K [0x000000070a000000, 0x0000000800000000)
  region size 2048K, 13 young (26624K), 2 survivors (4096K)
 Metaspace       used 32058K, committed 32640K, reserved 1114112K
  class space    used 3992K, committed 4224K, reserved 1048576K
}
Event: 2.459 GC heap after
{Heap after GC invocations=9 (full 0):
 garbage-first heap   total 143360K, used 13831K [0x000000070a000000, 0x0000000800000000)
  region size 2048K, 3 young (6144K), 3 survivors (6144K)
 Metaspace       used 32058K, committed 32640K, reserved 1114112K
  class space    used 3992K, committed 4224K, reserved 1048576K
}
Event: 415.200 GC heap before
{Heap before GC invocations=10 (full 0):
 garbage-first heap   total 55296K, used 50695K [0x000000070a000000, 0x0000000800000000)
  region size 2048K, 22 young (45056K), 3 survivors (6144K)
 Metaspace       used 38803K, committed 39424K, reserved 1114112K
  class space    used 4877K, committed 5120K, reserved 1048576K
}
Event: 415.205 GC heap after
{Heap after GC invocations=11 (full 0):
 garbage-first heap   total 63488K, used 16937K [0x000000070a000000, 0x0000000800000000)
  region size 2048K, 4 young (8192K), 4 survivors (8192K)
 Metaspace       used 38803K, committed 39424K, reserved 1114112K
  class space    used 4877K, committed 5120K, reserved 1048576K
}

